<?xml version="1.0" encoding="UTF-8"?>
<robot generator="Robot 7.2.2 (Python 3.11.3 on win32)" generated="2025-05-16T07:34:17.952717" rpa="false" schemaversion="5">
<suite id="s1" name="Saudecemo" source="C:\Users\andou\IdeaProjects\RobotFramewprk\Saudecemo.robot">
<test id="s1-t1" name="Authentification" line="16">
<kw name="Open Browser" owner="SeleniumLibrary">
<msg time="2025-05-16T07:34:18.231711" level="INFO">Opening browser 'firefox' to base url 'https://www.saucedemo.com/'.</msg>
<arg>${url}</arg>
<arg>firefox</arg>
<doc>Opens a new browser instance to the optional ``url``.</doc>
<status status="PASS" start="2025-05-16T07:34:18.231711" elapsed="6.336832"/>
</kw>
<kw name="Maximize Browser Window" owner="SeleniumLibrary">
<doc>Maximizes current browser window.</doc>
<status status="PASS" start="2025-05-16T07:34:24.568543" elapsed="0.295665"/>
</kw>
<kw name="Input Text" owner="SeleniumLibrary">
<msg time="2025-05-16T07:34:24.867760" level="INFO">Typing text 'standard_user' into text field 'id=user-name'.</msg>
<arg>id=user-name</arg>
<arg>${username}</arg>
<doc>Types the given ``text`` into the text field identified by ``locator``.</doc>
<status status="PASS" start="2025-05-16T07:34:24.865745" elapsed="0.197740"/>
</kw>
<kw name="Input Password" owner="SeleniumLibrary">
<msg time="2025-05-16T07:34:25.064850" level="INFO">Typing password into text field 'id=password'.</msg>
<msg time="2025-05-16T07:34:25.073433" level="INFO">Temporally setting log level to: NONE</msg>
<arg>id=password</arg>
<arg>${password}</arg>
<doc>Types the given password into the text field identified by ``locator``.</doc>
<status status="PASS" start="2025-05-16T07:34:25.064850" elapsed="0.034754"/>
</kw>
<kw name="Click Element" owner="SeleniumLibrary">
<msg time="2025-05-16T07:34:25.100602" level="INFO">Clicking element 'id=login-button'.</msg>
<arg>id=login-button</arg>
<doc>Click the element identified by ``locator``.</doc>
<status status="PASS" start="2025-05-16T07:34:25.100602" elapsed="0.243386"/>
</kw>
<kw name="Get Title" owner="SeleniumLibrary">
<msg time="2025-05-16T07:34:25.345994" level="INFO">${title} = Swag Labs</msg>
<var>${title}</var>
<doc>Returns the title of the current page.</doc>
<status status="PASS" start="2025-05-16T07:34:25.343988" elapsed="0.002006"/>
</kw>
<kw name="Log" owner="BuiltIn">
<msg time="2025-05-16T07:34:25.345994" level="INFO">Swag Labs</msg>
<arg>${title}</arg>
<doc>Logs the given message with the given level.</doc>
<status status="PASS" start="2025-05-16T07:34:25.345994" elapsed="0.000000"/>
</kw>
<kw name="Title Should Be" owner="SeleniumLibrary">
<msg time="2025-05-16T07:34:25.348757" level="INFO">Page title is 'Swag Labs'.</msg>
<arg>Swag Labs</arg>
<doc>Verifies that the current page title equals ``title``.</doc>
<status status="PASS" start="2025-05-16T07:34:25.345994" elapsed="0.002763"/>
</kw>
<kw name="Sleep" owner="BuiltIn">
<msg time="2025-05-16T07:34:45.349894" level="INFO">Slept 20 seconds.</msg>
<arg>20s</arg>
<doc>Pauses the test executed for the given time.</doc>
<status status="PASS" start="2025-05-16T07:34:25.348757" elapsed="20.001137"/>
</kw>
<status status="PASS" start="2025-05-16T07:34:18.231711" elapsed="27.118183"/>
</test>
<status status="PASS" start="2025-05-16T07:34:17.963052" elapsed="27.386842"/>
</suite>
<statistics>
<total>
<stat pass="1" fail="0" skip="0">All Tests</stat>
</total>
<tag>
</tag>
<suite>
<stat name="Saudecemo" id="s1" pass="1" fail="0" skip="0">Saudecemo</stat>
</suite>
</statistics>
<errors>
</errors>
</robot>
